[18:07:06] [Server thread/INFO]: Starting minecraft server version 1.8.8
[18:07:06] [Server thread/INFO]: Loading properties
[18:07:06] [Server thread/INFO]: Default game type: SURVIVAL
[18:07:06] [Server thread/INFO]: This server is running CraftBukkit version git-PaperSpigot-445 (MC: 1.8.8) (Implementing API version 1.8.8-R0.1-SNAPSHOT)
[18:07:06] [Server thread/INFO]: Debug logging is disabled
[18:07:06] [Server thread/INFO]: Spigot Timings: true - Verbose: true - Interval: 5m - Length: 60m
[18:07:06] [Server thread/INFO]: Server Ping Player Sample Count: 12

[18:07:06] [Server thread/INFO]: Using 4 threads for Netty based IO
[18:07:06] [Server thread/INFO]: Data value allowed items: 
[18:07:06] [Server thread/WARN]: java.lang.NoSuchFieldException: modifiers

[18:07:06] [Server thread/WARN]: 	at java.base/java.lang.Class.getDeclaredField(Class.java:2782)

[18:07:06] [Server thread/WARN]: 	at org.github.paperspigot.PaperSpigotConfig.stackableBuckets(PaperSpigotConfig.java:192)

[18:07:06] [Server thread/WARN]: 	at java.base/jdk.internal.reflect.DirectMethodHandleAccessor.invoke(DirectMethodHandleAccessor.java:103)

[18:07:06] [Server thread/WARN]: 	at java.base/java.lang.reflect.Method.invoke(Method.java:580)

[18:07:06] [Server thread/WARN]: 	at org.github.paperspigot.PaperSpigotConfig.readConfig(PaperSpigotConfig.java:84)

[18:07:06] [Server thread/WARN]: 	at org.github.paperspigot.PaperSpigotConfig.init(PaperSpigotConfig.java:62)

[18:07:06] [Server thread/WARN]: 	at net.minecraft.server.v1_8_R3.DedicatedServer.init(DedicatedServer.java:181)

[18:07:06] [Server thread/WARN]: 	at net.minecraft.server.v1_8_R3.MinecraftServer.run(MinecraftServer.java:563)

[18:07:06] [Server thread/WARN]: 	at java.base/java.lang.Thread.run(Thread.java:1583)

[18:07:06] [Server thread/INFO]: Generating keypair
[18:07:07] [Server thread/INFO]: Starting Minecraft server on localhost:25565
[18:07:07] [Server thread/INFO]: Your platform does not provide complete low-level API for accessing direct buffers reliably. Unless explicitly requested, heap buffer will always be preferred to avoid potential system unstability.
[18:07:07] [Server thread/INFO]: Using default channel type
[18:07:07] [Server thread/INFO]: Set PluginClassLoader as parallel capable
[18:07:07] [Server thread/ERROR]: Could not load 'plugins/worldguard-bukkit-7.0.13-dist.jar' in folder 'plugins'
org.bukkit.plugin.InvalidPluginException: java.lang.NoClassDefFoundError: org/enginehub/piston/exception/CommandException
	at org.bukkit.plugin.java.JavaPluginLoader.loadPlugin(JavaPluginLoader.java:133) ~[patched_1.8.8.jar:git-PaperSpigot-445]
	at org.bukkit.plugin.SimplePluginManager.loadPlugin(SimplePluginManager.java:331) ~[patched_1.8.8.jar:git-PaperSpigot-445]
	at org.bukkit.plugin.SimplePluginManager.loadPlugins(SimplePluginManager.java:254) ~[patched_1.8.8.jar:git-PaperSpigot-445]
	at org.bukkit.craftbukkit.v1_8_R3.CraftServer.loadPlugins(CraftServer.java:293) ~[patched_1.8.8.jar:git-PaperSpigot-445]
	at net.minecraft.server.v1_8_R3.DedicatedServer.init(DedicatedServer.java:202) ~[patched_1.8.8.jar:git-PaperSpigot-445]
	at net.minecraft.server.v1_8_R3.MinecraftServer.run(MinecraftServer.java:563) ~[patched_1.8.8.jar:git-PaperSpigot-445]
	at java.lang.Thread.run(Thread.java:1583) [?:?]
Caused by: java.lang.NoClassDefFoundError: org/enginehub/piston/exception/CommandException
	at java.lang.Class.forName0(Native Method) ~[?:?]
	at java.lang.Class.forName(Class.java:534) ~[?:?]
	at java.lang.Class.forName(Class.java:513) ~[?:?]
	at org.bukkit.plugin.java.PluginClassLoader.<init>(PluginClassLoader.java:65) ~[patched_1.8.8.jar:git-PaperSpigot-445]
	at org.bukkit.plugin.java.JavaPluginLoader.loadPlugin(JavaPluginLoader.java:129) ~[patched_1.8.8.jar:git-PaperSpigot-445]
	... 6 more
Caused by: java.lang.ClassNotFoundException: org.enginehub.piston.exception.CommandException
	at java.net.URLClassLoader.findClass(URLClassLoader.java:445) ~[?:?]
	at org.bukkit.plugin.java.PluginClassLoader.findClass(PluginClassLoader.java:102) ~[patched_1.8.8.jar:git-PaperSpigot-445]
	at org.bukkit.plugin.java.PluginClassLoader.findClass(PluginClassLoader.java:87) ~[patched_1.8.8.jar:git-PaperSpigot-445]
	at java.lang.ClassLoader.loadClass(ClassLoader.java:593) ~[?:?]
	at java.lang.ClassLoader.loadClass(ClassLoader.java:526) ~[?:?]
	at java.lang.Class.forName0(Native Method) ~[?:?]
	at java.lang.Class.forName(Class.java:534) ~[?:?]
	at java.lang.Class.forName(Class.java:513) ~[?:?]
	at org.bukkit.plugin.java.PluginClassLoader.<init>(PluginClassLoader.java:65) ~[patched_1.8.8.jar:git-PaperSpigot-445]
	at org.bukkit.plugin.java.JavaPluginLoader.loadPlugin(JavaPluginLoader.java:129) ~[patched_1.8.8.jar:git-PaperSpigot-445]
	... 6 more
[18:07:07] [Server thread/INFO]: [SimpleTpa] Loading SimpleTpa v6.4
[18:07:07] [Server thread/INFO]: [LuckPerms] Loading LuckPerms v5.4.154
[18:07:08] [Server thread/INFO]: [SimpleHomes] Loading SimpleHomes v2.2
[18:07:08] [Server thread/INFO]: [WorldEdit] Loading WorldEdit v6.1;no_git_id
[18:07:08] [Server thread/INFO]: [Vault] Loading Vault v1.7.3-b131
[18:07:08] [Server thread/INFO]: [LoginSecurity] Loading LoginSecurity v3.2.0
[18:07:08] [Server thread/INFO]: [CoreProtect] Loading CoreProtect v22.4
[18:07:08] [Server thread/INFO]: [Essentials] Loading Essentials v2.21.0-dev+169-69ed07a
[18:07:08] [Server thread/INFO]: [LuckPerms] Enabling LuckPerms v5.4.154
[18:07:08] [Server thread/INFO]: [0;36;1m       [0;36;22m __    [m

[18:07:08] [Server thread/INFO]: [0;36;1m  |    [0;36;22m|__)   [0;32;22mLuckPerms[m [0;36;1mv5.4.154[m

[18:07:08] [Server thread/INFO]: [0;36;1m  |___ [0;36;22m|      [0;30;1mRunning on Bukkit - CraftBukkit[m

[18:07:08] [Server thread/INFO]: [m

[18:07:08] [Server thread/INFO]: [LuckPerms] Loading configuration...
[18:07:08] [Server thread/INFO]: [LuckPerms] Loading storage provider... [H2]
[18:07:09] [Server thread/INFO]: [LuckPerms] Loading internal permission managers...
[18:07:09] [Server thread/INFO]: [LuckPerms] Performing initial data load...
[18:07:09] [Server thread/INFO]: [LuckPerms] Successfully enabled. (took 1641ms)
[18:07:09] [Server thread/INFO]: [Vault] Enabling Vault v1.7.3-b131
[18:07:09] [Server thread/INFO]: [Vault] [Economy] Essentials Economy found: Waiting
[18:07:09] [Server thread/INFO]: [Vault] [Permission] SuperPermissions loaded as backup permission system.
[18:07:09] [Server thread/INFO]: [Vault] Enabled Version 1.7.3-b131
[18:07:09] [Server thread/INFO]: [LuckPerms] Registered Vault permission & chat hook.
[18:07:09] [Server thread/WARN]: **** SERVER IS RUNNING IN OFFLINE/INSECURE MODE!
[18:07:09] [Server thread/WARN]: The server will make no attempt to authenticate usernames. Beware.
[18:07:09] [Server thread/WARN]: Whilst this makes it possible to use BungeeCord, unless access to your server is properly restricted, it also opens up the ability for hackers to connect with any username they choose.
[18:07:09] [Server thread/WARN]: Please see http://www.spigotmc.org/wiki/firewall-guide/ for further information.
[18:07:09] [Server thread/WARN]: To change this, set "online-mode" to "true" in the server.properties file.
[18:07:09] [Server thread/INFO]: **** Beginning UUID conversion, this may take A LONG time ****
[18:07:09] [Server thread/INFO]: Preparing level "world"
[18:07:10] [Server thread/INFO]: -------- World Settings For [world] --------
[18:07:10] [Server thread/INFO]: Mob Spawn Range: 4
[18:07:10] [Server thread/INFO]: Anti X-Ray: true
[18:07:10] [Server thread/INFO]: 	Engine Mode: 1
[18:07:10] [Server thread/INFO]: 	Hidden Blocks: [14, 15, 16, 21, 48, 49, 54, 56, 73, 74, 82, 129, 130]
[18:07:10] [Server thread/INFO]: 	Replace Blocks: [1, 5]
[18:07:10] [Server thread/INFO]: Nerfing mobs spawned from spawners: false
[18:07:10] [Server thread/INFO]: Cactus Growth Modifier: 100%
[18:07:10] [Server thread/INFO]: Cane Growth Modifier: 100%
[18:07:10] [Server thread/INFO]: Melon Growth Modifier: 100%
[18:07:10] [Server thread/INFO]: Mushroom Growth Modifier: 100%
[18:07:10] [Server thread/INFO]: Pumpkin Growth Modifier: 100%
[18:07:10] [Server thread/INFO]: Sapling Growth Modifier: 100%
[18:07:10] [Server thread/INFO]: Wheat Growth Modifier: 100%
[18:07:10] [Server thread/INFO]: NetherWart Growth Modifier: 100%
[18:07:10] [Server thread/INFO]: Entity Activation Range: An 32 / Mo 32 / Mi 16
[18:07:10] [Server thread/INFO]: Entity Tracking Range: Pl 48 / An 48 / Mo 48 / Mi 32 / Other 64
[18:07:10] [Server thread/INFO]: Hopper Transfer: 8 Hopper Check: 8 Hopper Amount: 1
[18:07:10] [Server thread/INFO]: Random Lighting Updates: false
[18:07:10] [Server thread/INFO]: Structure Info Saving: true
[18:07:10] [Server thread/INFO]: Sending up to 10 chunks per packet
[18:07:10] [Server thread/INFO]: Max Entity Collisions: 8
[18:07:10] [Server thread/INFO]: Custom Map Seeds:  Village: 10387312 Feature: 14357617
[18:07:10] [Server thread/INFO]: Max TNT Explosions: 100
[18:07:10] [Server thread/INFO]: Tile Max Tick Time: 50ms Entity max Tick Time: 50ms
[18:07:10] [Server thread/INFO]: Item Despawn Rate: 6000
[18:07:10] [Server thread/INFO]: Item Merge Radius: 2.5
[18:07:10] [Server thread/INFO]: Arrow Despawn Rate: 1200
[18:07:10] [Server thread/INFO]: Allow Zombie Pigmen to spawn from portal blocks: true
[18:07:10] [Server thread/INFO]: View Distance: 4
[18:07:10] [Server thread/INFO]: Zombie Aggressive Towards Villager: true
[18:07:10] [Server thread/INFO]: Chunks to Grow per Tick: 650
[18:07:10] [Server thread/INFO]: Clear tick list: false
[18:07:10] [Server thread/INFO]: Experience Merge Radius: 3.0
[18:07:10] [Server thread/INFO]: -------- World Settings For [world] --------
[18:07:10] [Server thread/INFO]: Player blocking damage multiplier set to 0.5
[18:07:10] [Server thread/INFO]: Squids will spawn between Y: 45.0 and Y: 63.0
[18:07:10] [Server thread/INFO]: Max height for cactus growth 3. Max height for reed growth 3
[18:07:10] [Server thread/INFO]: Living Entity Despawn Ranges:  Soft: 32 Hard: 128
[18:07:10] [Server thread/INFO]: Remove invalid mob spawner tile entities: true
[18:07:10] [Server thread/INFO]: Water over lava flow speed: 5
[18:07:10] [Server thread/INFO]: Fix TNT cannons: false
[18:07:10] [Server thread/INFO]: Allow undead horse types to be leashed: false
[18:07:10] [Server thread/INFO]: Keep spawn chunk loaded: true
[18:07:10] [Server thread/INFO]: World async lighting: false
[18:07:10] [Server thread/INFO]: WorldServer TickNextTick cap set at 10000
[18:07:10] [Server thread/INFO]: WorldServer TickNextTickList cap always processes redstone: false
[18:07:10] [Server thread/INFO]: -------- World Settings For [world_nether] --------
[18:07:10] [Server thread/INFO]: Mob Spawn Range: 4
[18:07:10] [Server thread/INFO]: Anti X-Ray: true
[18:07:10] [Server thread/INFO]: 	Engine Mode: 1
[18:07:10] [Server thread/INFO]: 	Hidden Blocks: [14, 15, 16, 21, 48, 49, 54, 56, 73, 74, 82, 129, 130]
[18:07:10] [Server thread/INFO]: 	Replace Blocks: [1, 5]
[18:07:10] [Server thread/INFO]: Nerfing mobs spawned from spawners: false
[18:07:10] [Server thread/INFO]: Cactus Growth Modifier: 100%
[18:07:10] [Server thread/INFO]: Cane Growth Modifier: 100%
[18:07:10] [Server thread/INFO]: Melon Growth Modifier: 100%
[18:07:10] [Server thread/INFO]: Mushroom Growth Modifier: 100%
[18:07:10] [Server thread/INFO]: Pumpkin Growth Modifier: 100%
[18:07:10] [Server thread/INFO]: Sapling Growth Modifier: 100%
[18:07:10] [Server thread/INFO]: Wheat Growth Modifier: 100%
[18:07:10] [Server thread/INFO]: NetherWart Growth Modifier: 100%
[18:07:10] [Server thread/INFO]: Entity Activation Range: An 32 / Mo 32 / Mi 16
[18:07:10] [Server thread/INFO]: Entity Tracking Range: Pl 48 / An 48 / Mo 48 / Mi 32 / Other 64
[18:07:10] [Server thread/INFO]: Hopper Transfer: 8 Hopper Check: 8 Hopper Amount: 1
[18:07:10] [Server thread/INFO]: Random Lighting Updates: false
[18:07:10] [Server thread/INFO]: Structure Info Saving: true
[18:07:10] [Server thread/INFO]: Sending up to 10 chunks per packet
[18:07:10] [Server thread/INFO]: Max Entity Collisions: 8
[18:07:10] [Server thread/INFO]: Custom Map Seeds:  Village: 10387312 Feature: 14357617
[18:07:10] [Server thread/INFO]: Max TNT Explosions: 100
[18:07:10] [Server thread/INFO]: Tile Max Tick Time: 50ms Entity max Tick Time: 50ms
[18:07:10] [Server thread/INFO]: Item Despawn Rate: 6000
[18:07:10] [Server thread/INFO]: Item Merge Radius: 2.5
[18:07:10] [Server thread/INFO]: Arrow Despawn Rate: 1200
[18:07:10] [Server thread/INFO]: Allow Zombie Pigmen to spawn from portal blocks: true
[18:07:10] [Server thread/INFO]: View Distance: 4
[18:07:10] [Server thread/INFO]: Zombie Aggressive Towards Villager: true
[18:07:10] [Server thread/INFO]: Chunks to Grow per Tick: 650
[18:07:10] [Server thread/INFO]: Clear tick list: false
[18:07:10] [Server thread/INFO]: Experience Merge Radius: 3.0
[18:07:10] [Server thread/INFO]: -------- World Settings For [world_nether] --------
[18:07:10] [Server thread/INFO]: Player blocking damage multiplier set to 0.5
[18:07:10] [Server thread/INFO]: Squids will spawn between Y: 45.0 and Y: 63.0
[18:07:10] [Server thread/INFO]: Max height for cactus growth 3. Max height for reed growth 3
[18:07:10] [Server thread/INFO]: Living Entity Despawn Ranges:  Soft: 32 Hard: 128
[18:07:10] [Server thread/INFO]: Remove invalid mob spawner tile entities: true
[18:07:10] [Server thread/INFO]: Water over lava flow speed: 5
[18:07:10] [Server thread/INFO]: Fix TNT cannons: false
[18:07:10] [Server thread/INFO]: Allow undead horse types to be leashed: false
[18:07:10] [Server thread/INFO]: Keep spawn chunk loaded: true
[18:07:10] [Server thread/INFO]: World async lighting: false
[18:07:10] [Server thread/INFO]: WorldServer TickNextTick cap set at 10000
[18:07:10] [Server thread/INFO]: WorldServer TickNextTickList cap always processes redstone: false
[18:07:10] [Server thread/INFO]: -------- World Settings For [world_the_end] --------
[18:07:10] [Server thread/INFO]: Mob Spawn Range: 4
[18:07:10] [Server thread/INFO]: Anti X-Ray: true
[18:07:10] [Server thread/INFO]: 	Engine Mode: 1
[18:07:10] [Server thread/INFO]: 	Hidden Blocks: [14, 15, 16, 21, 48, 49, 54, 56, 73, 74, 82, 129, 130]
[18:07:10] [Server thread/INFO]: 	Replace Blocks: [1, 5]
[18:07:10] [Server thread/INFO]: Nerfing mobs spawned from spawners: false
[18:07:10] [Server thread/INFO]: Cactus Growth Modifier: 100%
[18:07:10] [Server thread/INFO]: Cane Growth Modifier: 100%
[18:07:10] [Server thread/INFO]: Melon Growth Modifier: 100%
[18:07:10] [Server thread/INFO]: Mushroom Growth Modifier: 100%
[18:07:10] [Server thread/INFO]: Pumpkin Growth Modifier: 100%
[18:07:10] [Server thread/INFO]: Sapling Growth Modifier: 100%
[18:07:10] [Server thread/INFO]: Wheat Growth Modifier: 100%
[18:07:10] [Server thread/INFO]: NetherWart Growth Modifier: 100%
[18:07:10] [Server thread/INFO]: Entity Activation Range: An 32 / Mo 32 / Mi 16
[18:07:10] [Server thread/INFO]: Entity Tracking Range: Pl 48 / An 48 / Mo 48 / Mi 32 / Other 64
[18:07:10] [Server thread/INFO]: Hopper Transfer: 8 Hopper Check: 8 Hopper Amount: 1
[18:07:10] [Server thread/INFO]: Random Lighting Updates: false
[18:07:10] [Server thread/INFO]: Structure Info Saving: true
[18:07:10] [Server thread/INFO]: Sending up to 10 chunks per packet
[18:07:10] [Server thread/INFO]: Max Entity Collisions: 8
[18:07:10] [Server thread/INFO]: Custom Map Seeds:  Village: 10387312 Feature: 14357617
[18:07:10] [Server thread/INFO]: Max TNT Explosions: 100
[18:07:10] [Server thread/INFO]: Tile Max Tick Time: 50ms Entity max Tick Time: 50ms
[18:07:10] [Server thread/INFO]: Item Despawn Rate: 6000
[18:07:10] [Server thread/INFO]: Item Merge Radius: 2.5
[18:07:10] [Server thread/INFO]: Arrow Despawn Rate: 1200
[18:07:10] [Server thread/INFO]: Allow Zombie Pigmen to spawn from portal blocks: true
[18:07:10] [Server thread/INFO]: View Distance: 4
[18:07:10] [Server thread/INFO]: Zombie Aggressive Towards Villager: true
[18:07:10] [Server thread/INFO]: Chunks to Grow per Tick: 650
[18:07:10] [Server thread/INFO]: Clear tick list: false
[18:07:10] [Server thread/INFO]: Experience Merge Radius: 3.0
[18:07:10] [Server thread/INFO]: -------- World Settings For [world_the_end] --------
[18:07:10] [Server thread/INFO]: Player blocking damage multiplier set to 0.5
[18:07:10] [Server thread/INFO]: Squids will spawn between Y: 45.0 and Y: 63.0
[18:07:10] [Server thread/INFO]: Max height for cactus growth 3. Max height for reed growth 3
[18:07:10] [Server thread/INFO]: Living Entity Despawn Ranges:  Soft: 32 Hard: 128
[18:07:10] [Server thread/INFO]: Remove invalid mob spawner tile entities: true
[18:07:10] [Server thread/INFO]: Water over lava flow speed: 5
[18:07:10] [Server thread/INFO]: Fix TNT cannons: false
[18:07:10] [Server thread/INFO]: Allow undead horse types to be leashed: false
[18:07:10] [Server thread/INFO]: Keep spawn chunk loaded: true
[18:07:10] [Server thread/INFO]: World async lighting: false
[18:07:10] [Server thread/INFO]: WorldServer TickNextTick cap set at 10000
[18:07:10] [Server thread/INFO]: WorldServer TickNextTickList cap always processes redstone: false
[18:07:10] [Server thread/INFO]: Preparing start region for level 0 (Seed: -2582271877981067496)
[18:07:11] [Server thread/INFO]: Preparing spawn area: 55%
[18:07:11] [Server thread/INFO]: Preparing start region for level 1 (Seed: -2582271877981067496)
[18:07:12] [Server thread/INFO]: Preparing spawn area: 53%
[18:07:13] [Server thread/INFO]: Preparing start region for level 2 (Seed: -2582271877981067496)
[18:07:13] [Server thread/INFO]: [SimpleTpa] Enabling SimpleTpa v6.4
[18:07:13] [Server thread/INFO]: [0;33;1m[21m[SimpleTpa] If you need support contact me at https://discord.gg/SZUkza9[m

[18:07:13] [Server thread/INFO]: [0;33;1m[21m[SimpleTpa] Simple Tpa has been enabled on version 6.4[m

[18:07:13] [Server thread/INFO]: Enabled metrics. You may opt-out by changing plugins/bStats/config.yml
[18:07:13] [Server thread/INFO]: [SimpleHomes] Enabling SimpleHomes v2.2
[18:07:13] [Server thread/INFO]: [WorldEdit] Enabling WorldEdit v6.1;no_git_id
[18:07:13] [Server thread/INFO]: WEPIF: Using the Bukkit Permissions API.
[18:07:13] [Server thread/INFO]: [WorldEdit] Using com.sk89q.worldedit.bukkit.adapter.impl.Spigot_v1_8_R3 as the Bukkit adapter
[18:07:13] [Server thread/INFO]: [LoginSecurity] Enabling LoginSecurity v3.2.0
[18:07:13] [Server thread/INFO]: [LoginSecurity] Loading base translations from "en_us"
[18:07:13] [Server thread/INFO]: [LoginSecurity] Loading specified translations from "en_us"
[18:07:13] [Server thread/INFO]: [LoginSecurity] Registering commands...
[18:07:13] [Server thread/INFO]: [LoginSecurity] Registering listeners...
[18:07:13] [Server thread/INFO]: [CoreProtect] Enabling CoreProtect v22.4
[18:07:13] [Server thread/INFO]: [CoreProtect] Spigot 1.15 or higher is required.
[18:07:13] [Server thread/INFO]: [CoreProtect] CoreProtect was unable to start.
[18:07:13] [Server thread/INFO]: [CoreProtect] Disabling CoreProtect v22.4
[18:07:13] [Server thread/INFO]: [CoreProtect] Finishing up data logging. Please wait...
[18:07:13] [Server thread/WARN]: org.bukkit.plugin.messaging.ChannelNameTooLongException: Attempted to send a Plugin Message to a channel that was too large. The maximum length a channel may be is 20 chars (attempted 21 - 'coreprotect:handshake.

[18:07:13] [Server thread/WARN]: 	at org.bukkit.plugin.messaging.StandardMessenger.validateChannel(StandardMessenger.java:454)

[18:07:13] [Server thread/WARN]: 	at org.bukkit.plugin.messaging.StandardMessenger.unregisterIncomingPluginChannel(StandardMessenger.java:240)

[18:07:13] [Server thread/WARN]: 	at net.coreprotect.listener.ListenerHandler.unregisterNetworking(ListenerHandler.java:157)

[18:07:13] [Server thread/WARN]: 	at net.coreprotect.config.ConfigHandler.performDisable(ConfigHandler.java:472)

[18:07:13] [Server thread/WARN]: 	at net.coreprotect.CoreProtect.safeShutdown(CoreProtect.java:203)

[18:07:13] [Server thread/WARN]: 	at net.coreprotect.CoreProtect.onDisable(CoreProtect.java:129)

[18:07:13] [Server thread/WARN]: 	at org.bukkit.plugin.java.JavaPlugin.setEnabled(JavaPlugin.java:323)

[18:07:13] [Server thread/WARN]: 	at org.bukkit.plugin.java.JavaPluginLoader.disablePlugin(JavaPluginLoader.java:360)

[18:07:13] [Server thread/WARN]: 	at org.bukkit.plugin.SimplePluginManager.disablePlugin(SimplePluginManager.java:427)

[18:07:13] [Server thread/WARN]: 	at net.coreprotect.CoreProtect.onEnable(CoreProtect.java:123)

[18:07:13] [Server thread/WARN]: 	at org.bukkit.plugin.java.JavaPlugin.setEnabled(JavaPlugin.java:321)

[18:07:13] [Server thread/WARN]: 	at org.bukkit.plugin.java.JavaPluginLoader.enablePlugin(JavaPluginLoader.java:332)

[18:07:13] [Server thread/WARN]: 	at org.bukkit.plugin.SimplePluginManager.enablePlugin(SimplePluginManager.java:407)

[18:07:13] [Server thread/WARN]: 	at org.bukkit.craftbukkit.v1_8_R3.CraftServer.loadPlugin(CraftServer.java:359)

[18:07:13] [Server thread/WARN]: 	at org.bukkit.craftbukkit.v1_8_R3.CraftServer.enablePlugins(CraftServer.java:318)

[18:07:13] [Server thread/WARN]: 	at net.minecraft.server.v1_8_R3.MinecraftServer.s(MinecraftServer.java:408)

[18:07:13] [Server thread/WARN]: 	at net.minecraft.server.v1_8_R3.MinecraftServer.k(MinecraftServer.java:372)

[18:07:13] [Server thread/WARN]: 	at net.minecraft.server.v1_8_R3.MinecraftServer.a(MinecraftServer.java:327)

[18:07:13] [Server thread/WARN]: 	at net.minecraft.server.v1_8_R3.DedicatedServer.init(DedicatedServer.java:267)

[18:07:13] [Server thread/WARN]: 	at net.minecraft.server.v1_8_R3.MinecraftServer.run(MinecraftServer.java:563)

[18:07:13] [Server thread/WARN]: 	at java.base/java.lang.Thread.run(Thread.java:1583)

[18:07:13] [Server thread/INFO]: [CoreProtect] Success! Disabled CoreProtect v22.4
[18:07:14] [Server thread/INFO]: [Essentials] Enabling Essentials v2.21.0-dev+169-69ed07a
[18:07:14] [Server thread/INFO]: You are running a server with limited API functionality. EssentialsX will still work, but certain features may be disabled.
[18:07:14] [Server thread/INFO]: Attempting to convert old kits in config.yml to new kits.yml
[18:07:14] [Server thread/INFO]: No kits found to migrate.
[18:07:14] [Server thread/INFO]: Selected Fixed Height World Info Provider as the provider for WorldInfoProvider
[18:07:14] [Server thread/INFO]: Selected Legacy Item Unbreakable Provider as the provider for ItemUnbreakableProvider
[18:07:14] [Server thread/INFO]: Selected Reflection Formatted Command Alias Provider as the provider for FormattedCommandAliasProvider
[18:07:14] [Server thread/INFO]: No provider found for MaterialTagProvider, but it is nullable
[18:07:14] [Server thread/INFO]: Selected Legacy 1.8 Potion Meta Provider as the provider for PotionMetaProvider
[18:07:14] [Server thread/INFO]: Selected Legacy InventoryView Abstract Class ABI Provider as the provider for InventoryViewProvider
[18:07:14] [Server thread/INFO]: No provider found for ContainerProvider, but it is nullable
[18:07:14] [Server thread/INFO]: Selected Legacy Damage Event Provider as the provider for DamageEventProvider
[18:07:14] [Server thread/INFO]: Selected Reflection Server State Provider as the provider for ServerStateProvider
[18:07:14] [Server thread/INFO]: Selected 1.8 Spawn Egg Provider as the provider for SpawnEggProvider
[18:07:14] [Server thread/INFO]: Selected Reflection Online Mode Provider as the provider for OnlineModeProvider
[18:07:14] [Server thread/INFO]: Selected Reflection Persistent Data Container Provider as the provider for PersistentDataProvider
[18:07:14] [Server thread/INFO]: Selected Legacy Player Locale Provider as the provider for PlayerLocaleProvider
[18:07:14] [Server thread/INFO]: Selected Reflection Sync Commands Provider as the provider for SyncCommandsProvider
[18:07:14] [Server thread/INFO]: No provider found for TickCountProvider, but it is nullable
[18:07:14] [Server thread/INFO]: Selected Reflection Known Commands Provider as the provider for KnownCommandsProvider
[18:07:14] [Server thread/INFO]: No provider found for SerializationProvider, but it is nullable
[18:07:14] [Server thread/INFO]: Selected Legacy Banner Meta Provider as the provider for BannerDataProvider
[18:07:14] [Server thread/INFO]: Selected 1.8.3+ Spawner Item Provider as the provider for SpawnerItemProvider
[18:07:14] [Server thread/INFO]: Selected Reflection Spawner Block Provider as the provider for SpawnerBlockProvider
[18:07:14] [Server thread/INFO]: No provider found for BiomeKeyProvider, but it is nullable
[18:07:14] [Server thread/INFO]: No provider found for SignDataProvider, but it is nullable
[18:07:14] [Server thread/INFO]: Loaded 853 items from items.csv.
[18:07:14] [Server thread/INFO]: Using locale en
[18:07:14] [Server thread/INFO]: ServerListPingEvent: Spigot iterator API
[18:07:14] [Server thread/INFO]: Starting Metrics. Opt-out using the global bStats config.
[18:07:14] [Server thread/INFO]: [Vault] [Economy] Essentials Economy hooked.
[18:07:14] [Server thread/INFO]: Using Vault based permissions (LuckPerms)
[18:07:14] [Server thread/INFO]: Server permissions file permissions.yml is empty, ignoring it
[18:07:14] [Server thread/INFO]: Done (4.898s)! For help, type "help" or "?"
[18:07:14] [Server thread/INFO]: Timings Reset
[18:07:14] [Server thread/INFO]: Essentials found a compatible payment resolution method: Vault Compatibility Layer (v1.7.3-b131)!
[18:07:14] [Craft Scheduler Thread - 0/INFO]: ยง6Fetching version information...
[18:07:14] [Craft Scheduler Thread - 2/INFO]: [Vault] Checking for Updates ... 
[18:07:15] [Craft Scheduler Thread - 1/INFO]: [0;31;1m[21m[SimpleTpa] There is a new update available.[m

[18:07:15] [Craft Scheduler Thread - 1/INFO]: [0;31;1m[SimpleTpa] There is a new update available:[m

[18:07:15] [Craft Scheduler Thread - 1/INFO]: [0;31;1m[SimpleTpa] https://www.spigotmc.org/resources/simple-tpa.64270/[m

[18:07:15] [Craft Scheduler Thread - 2/INFO]: [Vault] No new version available
[18:08:27] [Server thread/INFO]: Stopping the server
[18:08:27] [Server thread/INFO]: Stopping server
[18:08:27] [Server thread/INFO]: Disabling Essentials v2.21.0-dev+169-69ed07a
[18:08:27] [Server thread/INFO]: [Vault] [Economy] Essentials Economy unhooked.
[18:08:27] [Server thread/INFO]: [LoginSecurity] Disabling LoginSecurity v3.2.0
[18:08:27] [Server thread/INFO]: [LoginSecurity] Waiting for queued tasks...
[18:08:27] [Server thread/INFO]: [LoginSecurity] ExecutorService shut down, ready to disable.
[18:08:27] [Server thread/INFO]: [Vault] Disabling Vault v1.7.3-b131
[18:08:27] [Server thread/INFO]: [WorldEdit] Disabling WorldEdit v6.1;no_git_id
[18:08:27] [Server thread/INFO]: [SimpleHomes] Disabling SimpleHomes v2.2
[18:08:27] [Server thread/INFO]: [LuckPerms] Disabling LuckPerms v5.4.154
[18:08:27] [Server thread/INFO]: [LuckPerms] Starting shutdown process...
[18:08:27] [Server thread/INFO]: [LuckPerms] Closing storage...
[18:08:27] [Server thread/INFO]: [LuckPerms] Goodbye!
[18:08:27] [Server thread/INFO]: [SimpleTpa] Disabling SimpleTpa v6.4
[18:08:27] [Server thread/INFO]: [0;36;1m[21m[SimpleTpa] If you need support contact me at https://discord.gg/SZUkza9[m

[18:08:27] [Server thread/INFO]: [0;36;1m[21m[SimpleTpa] Simple Tpa has been disabled on version 6.4[m

[18:08:27] [Server thread/INFO]: Saving players
[18:08:27] [Server thread/INFO]: Saving worlds
[18:08:27] [Server thread/INFO]: Saving chunks for level 'world'/Overworld
[18:08:27] [Server thread/INFO]: Saving chunks for level 'world_nether'/Nether
[18:08:27] [Server thread/INFO]: Saving chunks for level 'world_the_end'/The End
