[22:20:51] [main/INFO]: Using mbed TLS based native cipher.
[22:20:51] [main/INFO]: Using zlib based native compressor.
[22:20:51] [main/INFO]: Enabled Waterfall version git:Waterfall-Bootstrap:1.21-R0.1-SNAPSHOT:de8345a:579
[22:20:51] [main/WARN]: Waterfall has reached end of life and is no longer maintained. We recommend you transition to Velocity (https://papermc.io/software/velocity). For more information, see the announcement (https://forums.papermc.io/threads/1088/).
[22:20:51] [main/INFO]: Not on Windows, attempting to use enhanced EpollEventLoop
[22:20:51] [main/INFO]: Epoll is working, utilising it!
[22:20:52] [main/INFO]: Discovered module: ModuleSpec(name=cmd_alert, file=modules/cmd_alert.jar, provider=JenkinsModuleSource())
[22:20:52] [main/INFO]: Discovered module: ModuleSpec(name=cmd_find, file=modules/cmd_find.jar, provider=JenkinsModuleSource())
[22:20:52] [main/INFO]: Discovered module: ModuleSpec(name=cmd_list, file=modules/cmd_list.jar, provider=JenkinsModuleSource())
[22:20:52] [main/INFO]: Discovered module: ModuleSpec(name=cmd_send, file=modules/cmd_send.jar, provider=JenkinsModuleSource())
[22:20:52] [main/INFO]: Discovered module: ModuleSpec(name=cmd_server, file=modules/cmd_server.jar, provider=JenkinsModuleSource())
[22:20:52] [main/INFO]: Discovered module: ModuleSpec(name=reconnect_yaml, file=modules/reconnect_yaml.jar, provider=JenkinsModuleSource())
[22:20:52] [main/INFO]: Loaded plugin reconnect_yaml version git:reconnect_yaml:1.21-R0.1-SNAPSHOT:de8345a:579 by WaterfallMC
[22:20:52] [main/INFO]: Loaded plugin cmd_find version git:cmd_find:1.21-R0.1-SNAPSHOT:de8345a:579 by WaterfallMC
[22:20:52] [main/INFO]: Loaded plugin cmd_server version git:cmd_server:1.21-R0.1-SNAPSHOT:de8345a:579 by WaterfallMC
[22:20:52] [main/INFO]: Loaded plugin cmd_alert version git:cmd_alert:1.21-R0.1-SNAPSHOT:de8345a:579 by WaterfallMC
[22:20:52] [main/INFO]: Loaded plugin cmd_send version git:cmd_send:1.21-R0.1-SNAPSHOT:de8345a:579 by WaterfallMC
[22:20:52] [main/INFO]: Loaded plugin cmd_list version git:cmd_list:1.21-R0.1-SNAPSHOT:de8345a:579 by WaterfallMC
[22:20:52] [main/WARN]: :>:>:>:>:>:>:>:>:>:>:>:>:>:>:>:>:>:>:>:>:>:>:>
[22:20:52] [main/WARN]: :>  
[22:20:52] [main/WARN]: :>      EAGLERCRAFTXBUNGEE WARNING:
[22:20:52] [main/WARN]: :>  
[22:20:52] [main/WARN]: :>  This plugin wasn't tested to be 'working'
[22:20:52] [main/WARN]: :>  with ANY version of BungeeCord (and forks)
[22:20:52] [main/WARN]: :>  apart from the versions listed below:
[22:20:52] [main/WARN]: :>  
[22:20:52] [main/WARN]: :>  - BungeeCord: 1.21-R0.1-SNAPSHOT:acb85e3:1871
[22:20:52] [main/WARN]: :>  - Waterfall: 1.21-R0.1-SNAPSHOT:de8345a:579
[22:20:52] [main/WARN]: :>  
[22:20:52] [main/WARN]: :>  This is not a Bukkit/Spigot plugin!
[22:20:52] [main/WARN]: :>  
[22:20:52] [main/WARN]: :>  Use "-Deaglerxbungee.stfu=true" to hide
[22:20:52] [main/WARN]: :>  
[22:20:52] [main/WARN]: :>:>:>:>:>:>:>:>:>:>:>:>:>:>:>:>:>:>:>:>:>:>:>
[22:20:52] [main/INFO] [EaglercraftXBungee]: Loading vanilla profile: lax1dude
[22:20:54] [Skin Download Thread #1/INFO] [EaglercraftXBungee]: Loaded vanilla profile: lax1dude
[22:20:54] [main/INFO]: Loaded plugin EaglercraftXBungee version 1.3.1 by lax1dude
[22:20:54] [main/WARN]: Forced host server pvp is not defined
[22:20:54] [main/INFO]: Enabled plugin reconnect_yaml version git:reconnect_yaml:1.21-R0.1-SNAPSHOT:de8345a:579 by WaterfallMC
[22:20:54] [main/INFO]: Enabled plugin cmd_find version git:cmd_find:1.21-R0.1-SNAPSHOT:de8345a:579 by WaterfallMC
[22:20:54] [main/INFO]: Enabled plugin cmd_server version git:cmd_server:1.21-R0.1-SNAPSHOT:de8345a:579 by WaterfallMC
[22:20:54] [main/INFO]: Enabled plugin cmd_alert version git:cmd_alert:1.21-R0.1-SNAPSHOT:de8345a:579 by WaterfallMC
[22:20:54] [main/INFO]: Enabled plugin cmd_send version git:cmd_send:1.21-R0.1-SNAPSHOT:de8345a:579 by WaterfallMC
[22:20:54] [main/INFO]: Enabled plugin cmd_list version git:cmd_list:1.21-R0.1-SNAPSHOT:de8345a:579 by WaterfallMC
[22:20:54] [main/ERROR] [EaglercraftXBungee]: Online mode is set to false! Authentication system has been disabled
[22:20:54] [Netty Boss IO Thread #0/ERROR] [EaglercraftXBungee]: Eaglercraft could not bind port: /0.0.0.0:8081
[22:20:54] [Netty Boss IO Thread #0/ERROR] [EaglercraftXBungee]: Reason: io.netty.channel.unix.Errors$NativeIoException: bind(..) failed: Address already in use
[22:20:54] [main/INFO] [EaglercraftXBungee]: Connected to database: jdbc:sqlite:eaglercraft_skins_cache.db
[22:20:54] [main/INFO] [EaglercraftXBungee]: Voice chat disabled, add "allow_voice: true" to your listeners to enable
[22:20:54] [main/INFO]: Enabled plugin EaglercraftXBungee version 1.3.1 by lax1dude
[22:20:54] [Netty Boss IO Thread #1/WARN]: Could not bind to host /127.0.0.1:25577
io.netty.channel.unix.Errors$NativeIoException: bind(..) failed: Address already in use
[22:33:02] [main/ERROR]: Exception in thread "main" java.io.IOError: java.io.IOException: Input/output error
[22:33:02] [main/ERROR]: 	at org.jline.keymap.BindingReader.readCharacter(BindingReader.java:170)
[22:33:02] [main/ERROR]: 	at org.jline.keymap.BindingReader.readBinding(BindingReader.java:110)
[22:33:02] [main/ERROR]: 	at org.jline.keymap.BindingReader.readBinding(BindingReader.java:61)
[22:33:02] [main/ERROR]: 	at org.jline.reader.impl.LineReaderImpl.doReadBinding(LineReaderImpl.java:923)
[22:33:02] [main/ERROR]: 	at org.jline.reader.impl.LineReaderImpl.readBinding(LineReaderImpl.java:956)
[22:33:02] [main/ERROR]: 	at org.jline.reader.impl.LineReaderImpl.readLine(LineReaderImpl.java:651)
[22:33:02] [main/ERROR]: 	at org.jline.reader.impl.LineReaderImpl.readLine(LineReaderImpl.java:468)
[22:33:02] [main/ERROR]: 	at net.minecrell.terminalconsole.SimpleTerminalConsole.readCommands(SimpleTerminalConsole.java:158)
[22:33:02] [main/ERROR]: 	at net.minecrell.terminalconsole.SimpleTerminalConsole.start(SimpleTerminalConsole.java:141)
[22:33:02] [main/ERROR]: 	at net.md_5.bungee.BungeeCordLauncher.main(BungeeCordLauncher.java:73)
[22:33:02] [main/ERROR]: 	at net.md_5.bungee.Bootstrap.main(Bootstrap.java:15)
[22:33:02] [main/ERROR]: Caused by: java.io.IOException: Input/output error
[22:33:02] [main/ERROR]: 	at java.base/java.io.FileInputStream.read0(Native Method)
[22:33:02] [main/ERROR]: 	at java.base/java.io.FileInputStream.read(FileInputStream.java:231)
[22:33:02] [main/ERROR]: 	at org.jline.terminal.impl.AbstractPty$PtyInputStream.read(AbstractPty.java:73)
[22:33:02] [main/ERROR]: 	at org.jline.utils.NonBlockingInputStream.read(NonBlockingInputStream.java:62)
[22:33:02] [main/ERROR]: 	at org.jline.utils.NonBlocking$NonBlockingInputStreamReader.read(NonBlocking.java:168)
[22:33:02] [main/ERROR]: 	at org.jline.utils.NonBlockingReader.read(NonBlockingReader.java:57)
[22:33:02] [main/ERROR]: 	at org.jline.keymap.BindingReader.readCharacter(BindingReader.java:160)
[22:33:02] [main/ERROR]: 	... 10 more
